"/Users/promise/Promise Code/Java/apache-tomcat-10.1.19/bin/catalina.sh" run
[2024-03-04 04:46:02,284] 工件 spring-mvc-part01:war exploded: 正在等待服务器连接以启动工件部署…
[2024-03-04 04:46:02,285] 工件 spring-mvc-part02:war exploded: 正在等待服务器连接以启动工件部署…
04-Mar-2024 16:46:02.658 信息 [main] org.apache.catalina.startup.VersionLoggerListener.log Server.服务器版本: Apache Tomcat/10.1.19
04-Mar-2024 16:46:02.659 信息 [main] org.apache.catalina.startup.VersionLoggerListener.log 服务器构建:        Feb 14 2024 19:36:50 UTC
04-Mar-2024 16:46:02.659 信息 [main] org.apache.catalina.startup.VersionLoggerListener.log 服务器版本号:      10.1.19.0
04-Mar-2024 16:46:02.659 信息 [main] org.apache.catalina.startup.VersionLoggerListener.log 操作系统名称:      Mac OS X
04-Mar-2024 16:46:02.659 信息 [main] org.apache.catalina.startup.VersionLoggerListener.log OS.版本:           12.6.8
04-Mar-2024 16:46:02.659 信息 [main] org.apache.catalina.startup.VersionLoggerListener.log 架构:              aarch64
04-Mar-2024 16:46:02.659 信息 [main] org.apache.catalina.startup.VersionLoggerListener.log Java 环境变量:     /Users/promise/Library/Java/JavaVirtualMachines/openjdk-21.0.2/Contents/Home
04-Mar-2024 16:46:02.659 信息 [main] org.apache.catalina.startup.VersionLoggerListener.log Java虚拟机版本:    21.0.2+13-58
04-Mar-2024 16:46:02.660 信息 [main] org.apache.catalina.startup.VersionLoggerListener.log JVM.供应商:        Oracle Corporation
04-Mar-2024 16:46:02.660 信息 [main] org.apache.catalina.startup.VersionLoggerListener.log CATALINA_BASE:     /Users/promise/Library/Caches/JetBrains/IntelliJIdea2023.2/tomcat/1b929c0e-d125-42df-88be-097d550d39ac
04-Mar-2024 16:46:02.660 信息 [main] org.apache.catalina.startup.VersionLoggerListener.log CATALINA_HOME:     /Users/promise/Promise Code/Java/apache-tomcat-10.1.19
04-Mar-2024 16:46:02.662 信息 [main] org.apache.catalina.startup.VersionLoggerListener.log 命令行参数：       -Djava.util.logging.config.file=/Users/promise/Library/Caches/JetBrains/IntelliJIdea2023.2/tomcat/1b929c0e-d125-42df-88be-097d550d39ac/conf/logging.properties
04-Mar-2024 16:46:02.662 信息 [main] org.apache.catalina.startup.VersionLoggerListener.log 命令行参数：       -Djava.util.logging.manager=org.apache.juli.ClassLoaderLogManager
04-Mar-2024 16:46:02.662 信息 [main] org.apache.catalina.startup.VersionLoggerListener.log 命令行参数：       -Dcom.sun.management.jmxremote=
04-Mar-2024 16:46:02.662 信息 [main] org.apache.catalina.startup.VersionLoggerListener.log 命令行参数：       -Dcom.sun.management.jmxremote.port=1099
04-Mar-2024 16:46:02.662 信息 [main] org.apache.catalina.startup.VersionLoggerListener.log 命令行参数：       -Dcom.sun.management.jmxremote.ssl=false
04-Mar-2024 16:46:02.662 信息 [main] org.apache.catalina.startup.VersionLoggerListener.log 命令行参数：       -Dcom.sun.management.jmxremote.password.file=/Users/promise/Library/Caches/JetBrains/IntelliJIdea2023.2/tomcat/1b929c0e-d125-42df-88be-097d550d39ac/jmxremote.password
04-Mar-2024 16:46:02.662 信息 [main] org.apache.catalina.startup.VersionLoggerListener.log 命令行参数：       -Dcom.sun.management.jmxremote.access.file=/Users/promise/Library/Caches/JetBrains/IntelliJIdea2023.2/tomcat/1b929c0e-d125-42df-88be-097d550d39ac/jmxremote.access
04-Mar-2024 16:46:02.662 信息 [main] org.apache.catalina.startup.VersionLoggerListener.log 命令行参数：       -Djava.rmi.server.hostname=127.0.0.1
04-Mar-2024 16:46:02.662 信息 [main] org.apache.catalina.startup.VersionLoggerListener.log 命令行参数：       -Djdk.tls.ephemeralDHKeySize=2048
04-Mar-2024 16:46:02.662 信息 [main] org.apache.catalina.startup.VersionLoggerListener.log 命令行参数：       -Djava.protocol.handler.pkgs=org.apache.catalina.webresources
04-Mar-2024 16:46:02.662 信息 [main] org.apache.catalina.startup.VersionLoggerListener.log 命令行参数：       -Dorg.apache.catalina.security.SecurityListener.UMASK=0027
04-Mar-2024 16:46:02.662 信息 [main] org.apache.catalina.startup.VersionLoggerListener.log 命令行参数：       --add-opens=java.base/java.lang=ALL-UNNAMED
04-Mar-2024 16:46:02.662 信息 [main] org.apache.catalina.startup.VersionLoggerListener.log 命令行参数：       --add-opens=java.base/java.io=ALL-UNNAMED
04-Mar-2024 16:46:02.662 信息 [main] org.apache.catalina.startup.VersionLoggerListener.log 命令行参数：       --add-opens=java.base/java.util=ALL-UNNAMED
04-Mar-2024 16:46:02.662 信息 [main] org.apache.catalina.startup.VersionLoggerListener.log 命令行参数：       --add-opens=java.base/java.util.concurrent=ALL-UNNAMED
04-Mar-2024 16:46:02.662 信息 [main] org.apache.catalina.startup.VersionLoggerListener.log 命令行参数：       --add-opens=java.rmi/sun.rmi.transport=ALL-UNNAMED
04-Mar-2024 16:46:02.662 信息 [main] org.apache.catalina.startup.VersionLoggerListener.log 命令行参数：       -Dcatalina.base=/Users/promise/Library/Caches/JetBrains/IntelliJIdea2023.2/tomcat/1b929c0e-d125-42df-88be-097d550d39ac
04-Mar-2024 16:46:02.662 信息 [main] org.apache.catalina.startup.VersionLoggerListener.log 命令行参数：       -Dcatalina.home=/Users/promise/Promise Code/Java/apache-tomcat-10.1.19
04-Mar-2024 16:46:02.663 信息 [main] org.apache.catalina.startup.VersionLoggerListener.log 命令行参数：       -Djava.io.tmpdir=/Users/promise/Promise Code/Java/apache-tomcat-10.1.19/temp
04-Mar-2024 16:46:02.668 信息 [main] org.apache.catalina.core.AprLifecycleListener.lifecycleEvent 在java.library.path:[/Users/promise/Library/Java/Extensions:/Library/Java/Extensions:/Network/Library/Java/Extensions:/System/Library/Java/Extensions:/usr/lib/java:.]上找不到基于APR的Apache Tomcat本机库，该库允许在生产环境中获得最佳性能
04-Mar-2024 16:46:02.773 信息 [main] org.apache.coyote.AbstractProtocol.init 初始化协议处理器 ["http-nio-8080"]
04-Mar-2024 16:46:02.787 信息 [main] org.apache.catalina.startup.Catalina.load 服务器在[246]毫秒内初始化
04-Mar-2024 16:46:02.814 信息 [main] org.apache.catalina.core.StandardService.startInternal 正在启动服务[Catalina]
04-Mar-2024 16:46:02.814 信息 [main] org.apache.catalina.core.StandardEngine.startInternal 正在启动 Servlet 引擎：[Apache Tomcat/10.1.19]
04-Mar-2024 16:46:02.821 信息 [main] org.apache.coyote.AbstractProtocol.start 开始协议处理句柄["http-nio-8080"]
04-Mar-2024 16:46:02.827 信息 [main] org.apache.catalina.startup.Catalina.start [39]毫秒后服务器启动
已连接到服务器
[2024-03-04 04:46:02,836] 工件 spring-mvc-part01:war exploded: 正在部署工件，请稍候…
[2024-03-04 04:46:02,837] 工件 spring-mvc-part02:war exploded: 正在部署工件，请稍候…
04-Mar-2024 16:46:03.327 信息 [RMI TCP Connection(2)-127.0.0.1] org.apache.jasper.servlet.TldScanner.scanJars 至少有一个JAR被扫描用于TLD但尚未包含TLD。 为此记录器启用调试日志记录，以获取已扫描但未在其中找到TLD的完整JAR列表。 在扫描期间跳过不需要的JAR可以缩短启动时间和JSP编译时间。
04-Mar-2024 16:46:03.367 信息 [RMI TCP Connection(2)-127.0.0.1] org.springframework.web.servlet.FrameworkServlet.initServletBean Initializing Servlet 'dispatcher'
04-Mar-2024 16:46:03.632 信息 [RMI TCP Connection(2)-127.0.0.1] org.springframework.web.servlet.FrameworkServlet.initServletBean Completed initialization in 265 ms
[2024-03-04 04:46:03,640] 工件 spring-mvc-part01:war exploded: 工件已成功部署
[2024-03-04 04:46:03,641] 工件 spring-mvc-part01:war exploded: 部署已花费 805 毫秒
04-Mar-2024 16:46:03.942 信息 [RMI TCP Connection(4)-127.0.0.1] org.apache.jasper.servlet.TldScanner.scanJars 至少有一个JAR被扫描用于TLD但尚未包含TLD。 为此记录器启用调试日志记录，以获取已扫描但未在其中找到TLD的完整JAR列表。 在扫描期间跳过不需要的JAR可以缩短启动时间和JSP编译时间。
04-Mar-2024 16:46:03.969 信息 [RMI TCP Connection(4)-127.0.0.1] org.springframework.web.servlet.FrameworkServlet.initServletBean Initializing Servlet 'dispatcher'
04-Mar-2024 16:46:04.238 信息 [RMI TCP Connection(4)-127.0.0.1] org.springframework.web.servlet.FrameworkServlet.initServletBean Completed initialization in 269 ms
[2024-03-04 04:46:04,242] 工件 spring-mvc-part02:war exploded: 工件已成功部署
[2024-03-04 04:46:04,242] 工件 spring-mvc-part02:war exploded: 部署已花费 1,405 毫秒
04-Mar-2024 16:46:04.395 警告 [http-nio-8080-exec-1] org.springframework.web.servlet.DispatcherServlet.noHandlerFound No mapping for GET /
04-Mar-2024 16:46:04.398 警告 [http-nio-8080-exec-1] org.springframework.web.servlet.mvc.support.DefaultHandlerExceptionResolver.handleNoHandlerFoundException No endpoint GET /.
04-Mar-2024 16:46:04.402 警告 [http-nio-8080-exec-2] org.springframework.web.servlet.DispatcherServlet.noHandlerFound No mapping for GET /
04-Mar-2024 16:46:04.402 警告 [http-nio-8080-exec-2] org.springframework.web.servlet.mvc.support.DefaultHandlerExceptionResolver.handleNoHandlerFoundException No endpoint GET /.
04-Mar-2024 16:46:04.436 警告 [http-nio-8080-exec-4] org.springframework.web.servlet.DispatcherServlet.noHandlerFound No mapping for GET /
04-Mar-2024 16:46:04.436 警告 [http-nio-8080-exec-4] org.springframework.web.servlet.mvc.support.DefaultHandlerExceptionResolver.handleNoHandlerFoundException No endpoint GET /.
04-Mar-2024 16:46:12.836 信息 [Catalina-utility-2] org.apache.catalina.startup.HostConfig.deployDirectory 把web 应用程序部署到目录 [/Users/promise/Promise Code/Java/apache-tomcat-10.1.19/webapps/manager]
04-Mar-2024 16:46:12.880 信息 [Catalina-utility-2] org.apache.catalina.startup.HostConfig.deployDirectory Web应用程序目录[/Users/promise/Promise Code/Java/apache-tomcat-10.1.19/webapps/manager]的部署已在[43]毫秒内完成
04-Mar-2024 16:46:14.498 警告 [http-nio-8080-exec-5] org.springframework.web.servlet.handler.AbstractHandlerExceptionResolver.logException Resolved [org.springframework.http.converter.HttpMessageNotReadableException: Required request body is missing: public java.lang.String org.example.json.JSONController.data1(org.example.pojo.Person)]
